<?xml version="1.0" encoding="UTF-8" ?>
<testsuite tests="36" failures="0" name="zopaTest" time="0.02" errors="6" skipped="3">
  <properties>
[...]
</properties>
  <testcase classname="| c0b0248d-c7f1-4589-929d-34f7d000c032 | 56000 | 1500 | 24 | true | 9.5 | 200 |" name="Given registered customer &quot;c0b0248d-c7f1-4589-929d-34f7d000c032&quot; and Current salary 56000 and amount to borrow 1500 and number of months to pay 24 ." time="0.002"/>
  <testcase classname="| c0b0248d-c7f1-4589-929d-34f7d000c032 | 56000 | 1500 | 24 | true | 9.5 | 200 |" name="When I quote a loan" time="0"/>
  <testcase classname="| c0b0248d-c7f1-4589-929d-34f7d000c032 | 56000 | 1500 | 24 | true | 9.5 | 200 |" name="Then I shoud get &quot;true&quot; and &quot;9.5&quot; offered and 200" time="0"/>
  <testcase classname="| c0b0248d-c7f1-4589-929d-34f7d000c032 | 56000 | 1500 | 24 | true | 9.5 | 200 |" name="| c0b0248d-c7f1-4589-929d-34f7d000c032 | 56000 | 1500 | 24 | true | 9.5 | 200 |" time="0"/>
  <testcase classname="| c0b0248d-c7f1-4589-929d-34f7d000c032 | 36000 | 1500 | 24 | true | 6.2 | 200 |" name="Given registered customer &quot;c0b0248d-c7f1-4589-929d-34f7d000c032&quot; and Current salary 36000 and amount to borrow 1500 and number of months to pay 24 ." time="0"/>
  <testcase classname="| c0b0248d-c7f1-4589-929d-34f7d000c032 | 36000 | 1500 | 24 | true | 6.2 | 200 |" name="When I quote a loan" time="0"/>
  <testcase classname="| c0b0248d-c7f1-4589-929d-34f7d000c032 | 36000 | 1500 | 24 | true | 6.2 | 200 |" name="Then I shoud get &quot;true&quot; and &quot;6.2&quot; offered and 200" time="0"/>
  <testcase classname="| c0b0248d-c7f1-4589-929d-34f7d000c032 | 36000 | 1500 | 24 | true | 6.2 | 200 |" name="| c0b0248d-c7f1-4589-929d-34f7d000c032 | 36000 | 1500 | 24 | true | 6.2 | 200 |" time="0.001"/>
  <testcase classname="| c0b0248d-c7f1-4589-929d-34f7d000c032 | 46000 | 1500 | 12 | true | 7.2 | 200 |" name="Given registered customer &quot;c0b0248d-c7f1-4589-929d-34f7d000c032&quot; and Current salary 46000 and amount to borrow 1500 and number of months to pay 12 ." time="0"/>
  <testcase classname="| c0b0248d-c7f1-4589-929d-34f7d000c032 | 46000 | 1500 | 12 | true | 7.2 | 200 |" name="When I quote a loan" time="0"/>
  <testcase classname="| c0b0248d-c7f1-4589-929d-34f7d000c032 | 46000 | 1500 | 12 | true | 7.2 | 200 |" name="Then I shoud get &quot;true&quot; and &quot;7.2&quot; offered and 200" time="0"/>
  <testcase classname="| c0b0248d-c7f1-4589-929d-34f7d000c032 | 46000 | 1500 | 12 | true | 7.2 | 200 |" name="| c0b0248d-c7f1-4589-929d-34f7d000c032 | 46000 | 1500 | 12 | true | 7.2 | 200 |" time="0.001"/>
  <testcase classname="| c0b0248d-c7f1-4589-929d-34f7d000c032 | 46000 | 2500 | 12 | true | 6.4 | 200 |" name="Given registered customer &quot;c0b0248d-c7f1-4589-929d-34f7d000c032&quot; and Current salary 46000 and amount to borrow 2500 and number of months to pay 12 ." time="0"/>
  <testcase classname="| c0b0248d-c7f1-4589-929d-34f7d000c032 | 46000 | 2500 | 12 | true | 6.4 | 200 |" name="When I quote a loan" time="0"/>
  <testcase classname="| c0b0248d-c7f1-4589-929d-34f7d000c032 | 46000 | 2500 | 12 | true | 6.4 | 200 |" name="Then I shoud get &quot;true&quot; and &quot;6.4&quot; offered and 200" time="0"/>
  <testcase classname="| c0b0248d-c7f1-4589-929d-34f7d000c032 | 46000 | 2500 | 12 | true | 6.4 | 200 |" name="| c0b0248d-c7f1-4589-929d-34f7d000c032 | 46000 | 2500 | 12 | true | 6.4 | 200 |" time="0.001"/>
  <testcase classname="| c0b0248d-c7f1-4589-929d-34f7d000c032 | 25000 | 1001 | 12 | true | 6.4 | 200 |" name="Given registered customer &quot;c0b0248d-c7f1-4589-929d-34f7d000c032&quot; and Current salary 25000 and amount to borrow 1001 and number of months to pay 12 ." time="0"/>
  <testcase classname="| c0b0248d-c7f1-4589-929d-34f7d000c032 | 25000 | 1001 | 12 | true | 6.4 | 200 |" name="When I quote a loan" time="0"/>
  <testcase classname="| c0b0248d-c7f1-4589-929d-34f7d000c032 | 25000 | 1001 | 12 | true | 6.4 | 200 |" name="Then I shoud get &quot;true&quot; and &quot;6.4&quot; offered and 200" time="0"/>
  <testcase classname="| c0b0248d-c7f1-4589-929d-34f7d000c032 | 25000 | 1001 | 12 | true | 6.4 | 200 |" name="| c0b0248d-c7f1-4589-929d-34f7d000c032 | 25000 | 1001 | 12 | true | 6.4 | 200 |" time="0.001"/>
  <testcase classname="| c0b0248d-c7f1-4589-929d-34f7d000c032 | 24999 | 2000 | 12 | false | null | 200 |" name="Given registered customer &quot;c0b0248d-c7f1-4589-929d-34f7d000c032&quot; and Current salary 24999 and amount to borrow 2000 and number of months to pay 12 ." time="0"/>
  <testcase classname="| c0b0248d-c7f1-4589-929d-34f7d000c032 | 24999 | 2000 | 12 | false | null | 200 |" name="When I quote a loan" time="0"/>
  <testcase classname="| c0b0248d-c7f1-4589-929d-34f7d000c032 | 24999 | 2000 | 12 | false | null | 200 |" name="Then I shoud get &quot;false&quot; and &quot;null&quot; offered and 200" time="0"/>
  <testcase classname="| c0b0248d-c7f1-4589-929d-34f7d000c032 | 24999 | 2000 | 12 | false | null | 200 |" name="| c0b0248d-c7f1-4589-929d-34f7d000c032 | 24999 | 2000 | 12 | false | null | 200 |" time="0.001"/>
  <testcase classname="| c0b0248d-c7f1-4589-929d-34f7d000c032 | 25000 | 999 | 24 | null | null | 400 |" name="Given registered customer &quot;c0b0248d-c7f1-4589-929d-34f7d000c032&quot; and Current salary 25000 and amount to borrow 999 and number of months to pay 24 ." time="0"/>
  <testcase classname="| c0b0248d-c7f1-4589-929d-34f7d000c032 | 25000 | 999 | 24 | null | null | 400 |" name="When I quote a loan" time="0.003">
    <error type="java.lang.NullPointerException">java.lang.NullPointerException
	at QuoteLoan.processQuote(QuoteLoan.java:44)
	at QuoteLoan_step_definitions.i_quote_a_loan(QuoteLoan_step_definitions.java:15)
	at ✽.When I quote a loan(LoanQuotationForNewCutomer.feature:8)
</error>
    <system-out>{&quot;amountToBorrow&quot;:999,&quot;currentSalary&quot;:25000,&quot;termLength&quot;:24}
{&quot;message&quot;: &quot;999 is outside the lending range: 1000 &lt;= TOTAL &lt;= 25000&quot;}

null  null  400
</system-out>
  </testcase>
  <testcase classname="| c0b0248d-c7f1-4589-929d-34f7d000c032 | 25000 | 999 | 24 | null | null | 400 |" name="| c0b0248d-c7f1-4589-929d-34f7d000c032 | 25000 | 999 | 24 | null | null | 400 |" time="0.003">
    <error type="java.lang.NullPointerException">java.lang.NullPointerException
	at QuoteLoan.processQuote(QuoteLoan.java:44)
	at QuoteLoan_step_definitions.i_quote_a_loan(QuoteLoan_step_definitions.java:15)
	at ✽.When I quote a loan(LoanQuotationForNewCutomer.feature:8)
</error>
  </testcase>
  <testcase classname="| c0b0248d-c7f1-4589-929d-34f7d000c032 | 25000 | 999 | 24 | null | null | 400 |" name="Then I shoud get &quot;null&quot; and &quot;null&quot; offered and 400" time="0.004">
    <skipped/>
  </testcase>
  <testcase classname="| c0b0248d-c7f1-4589-929d-34f7d000c032 | 25000 | 25001 | 36 | null | null | 400 |" name="Given registered customer &quot;c0b0248d-c7f1-4589-929d-34f7d000c032&quot; and Current salary 25000 and amount to borrow 25001 and number of months to pay 36 ." time="0"/>
  <testcase classname="| c0b0248d-c7f1-4589-929d-34f7d000c032 | 25000 | 25001 | 36 | null | null | 400 |" name="When I quote a loan" time="0">
    <error type="java.lang.NullPointerException">java.lang.NullPointerException
	at QuoteLoan.processQuote(QuoteLoan.java:44)
	at QuoteLoan_step_definitions.i_quote_a_loan(QuoteLoan_step_definitions.java:15)
	at ✽.When I quote a loan(LoanQuotationForNewCutomer.feature:8)
</error>
    <system-out>{&quot;amountToBorrow&quot;:25001,&quot;currentSalary&quot;:25000,&quot;termLength&quot;:36}
{&quot;message&quot;: &quot;25001 is outside the lending range: 1000 &lt;= TOTAL &lt;= 25000&quot;}

null  null  400
</system-out>
  </testcase>
  <testcase classname="| c0b0248d-c7f1-4589-929d-34f7d000c032 | 25000 | 25001 | 36 | null | null | 400 |" name="| c0b0248d-c7f1-4589-929d-34f7d000c032 | 25000 | 25001 | 36 | null | null | 400 |" time="0.001">
    <error type="java.lang.NullPointerException">java.lang.NullPointerException
	at QuoteLoan.processQuote(QuoteLoan.java:44)
	at QuoteLoan_step_definitions.i_quote_a_loan(QuoteLoan_step_definitions.java:15)
	at ✽.When I quote a loan(LoanQuotationForNewCutomer.feature:8)
</error>
  </testcase>
  <testcase classname="| c0b0248d-c7f1-4589-929d-34f7d000c032 | 25000 | 25001 | 36 | null | null | 400 |" name="Then I shoud get &quot;null&quot; and &quot;null&quot; offered and 400" time="0.001">
    <skipped/>
  </testcase>
  <testcase classname="| abdul | 56000 | 1500 | 24 | 404 |" name="Given Unregistered customer &quot;abdul&quot; and Current salary 56000 and amount to borrow 1500 and number of months to pay 24 ." time="0"/>
  <testcase classname="| abdul | 56000 | 1500 | 24 | 404 |" name="When I quote a loan" time="0">
    <error type="java.lang.NullPointerException">java.lang.NullPointerException
	at QuoteLoan.processQuote(QuoteLoan.java:44)
	at QuoteLoan_step_definitions.i_quote_a_loan(QuoteLoan_step_definitions.java:15)
	at ✽.When I quote a loan(LoanQuotationForNewCutomer.feature:25)
</error>
    <system-out>{&quot;amountToBorrow&quot;:1500,&quot;currentSalary&quot;:56000,&quot;termLength&quot;:24}
{&quot;message&quot;: &quot;No Member exists for memberId=abdul&quot;}

null  null  404
</system-out>
  </testcase>
  <testcase classname="| abdul | 56000 | 1500 | 24 | 404 |" name="| abdul | 56000 | 1500 | 24 | 404 |" time="0">
    <error type="java.lang.NullPointerException">java.lang.NullPointerException
	at QuoteLoan.processQuote(QuoteLoan.java:44)
	at QuoteLoan_step_definitions.i_quote_a_loan(QuoteLoan_step_definitions.java:15)
	at ✽.When I quote a loan(LoanQuotationForNewCutomer.feature:25)
</error>
  </testcase>
  <testcase classname="| abdul | 56000 | 1500 | 24 | 404 |" name="Then I shoud get  statusCode 404" time="0.001">
    <skipped/>
  </testcase>
</testsuite>